<?xml version="1.0" encoding="UTF-8"?>
<!-- Generated by org.testng.reporters.JUnitXMLReporter -->
<testsuite hostname="LAPTOP-TA5GJAKQ" ignored="1" name="Default test" tests="4" failures="0" timestamp="10 Nov 2021 04:09:28 GMT" time="4.171" errors="0">
  <testcase name="putContact" time="2.364" classname="day1.PositiveTest"/>
  <testcase name="getSpecificContact" time="0.597" classname="day1.PositiveTest"/>
  <testcase name="updateContact" time="0.601" classname="day1.PositiveTest"/>
  <testcase name="deleteContact" time="0.58" classname="day1.PositiveTest"/>
  <testcase name="getAllContactList" time="0.0" classname="day1.PositiveTest">
    <ignored/>
  </testcase> <!-- getAllContactList -->
</testsuite> <!-- Default test -->
