<?xml version="1.0" encoding="UTF-8"?>
<testng-results skipped="0" failed="0" ignored="1" total="5" passed="4">
  <reporter-output>
  </reporter-output>
  <suite name="Default suite" duration-ms="4171" started-at="2021-11-10T04:09:24Z" finished-at="2021-11-10T04:09:28Z">
    <groups>
    </groups>
    <test name="Default test" duration-ms="4171" started-at="2021-11-10T04:09:24Z" finished-at="2021-11-10T04:09:28Z">
      <class name="day1.PositiveTest">
        <test-method status="PASS" signature="putContact()[pri:0, instance:day1.PositiveTest@275710fc]" name="putContact" duration-ms="2364" started-at="2021-11-10T04:09:24Z" description="adding contact " finished-at="2021-11-10T04:09:26Z">
          <reporter-output>
          </reporter-output>
        </test-method> <!-- putContact -->
        <test-method status="PASS" signature="getSpecificContact()[pri:0, instance:day1.PositiveTest@275710fc]" name="getSpecificContact" duration-ms="597" started-at="2021-11-10T04:09:26Z" description="getting specific contact " depends-on-methods="day1.PositiveTest.putContact" finished-at="2021-11-10T04:09:27Z">
          <reporter-output>
          </reporter-output>
        </test-method> <!-- getSpecificContact -->
        <test-method status="PASS" signature="updateContact()[pri:0, instance:day1.PositiveTest@275710fc]" name="updateContact" duration-ms="601" started-at="2021-11-10T04:09:27Z" description="adding contact " depends-on-methods="day1.PositiveTest.getSpecificContact" finished-at="2021-11-10T04:09:27Z">
          <reporter-output>
          </reporter-output>
        </test-method> <!-- updateContact -->
        <test-method status="PASS" signature="deleteContact()[pri:0, instance:day1.PositiveTest@275710fc]" name="deleteContact" duration-ms="580" started-at="2021-11-10T04:09:27Z" description="for getting all contact list" depends-on-methods="day1.PositiveTest.updateContact" finished-at="2021-11-10T04:09:28Z">
          <reporter-output>
          </reporter-output>
        </test-method> <!-- deleteContact -->
      </class> <!-- day1.PositiveTest -->
    </test> <!-- Default test -->
  </suite> <!-- Default suite -->
</testng-results>
